<?xml version="1.0" encoding="UTF-8"?>
<!-- Generated by org.testng.reporters.JUnitXMLReporter -->
<testsuite ignored="0" hostname="DESKTOP-8HD2FDV" failures="0" tests="2" name="Test" time="0.063" errors="0" timestamp="2022-05-31T11:39:49 COT">
  <testcase classname="test_cases.CheckHomePage" name="@BeforeTest setUpDriver" time="0.017">
    <failure type="java.lang.NullPointerException">
      <![CDATA[java.lang.NullPointerException
at base_resources.Base.setUpWebdriver(Base.java:36)
at test_cases.CheckHomePage.setUpDriver(CheckHomePage.java:26)
... Removed 24 stack frames]]>
    </failure>
  </testcase> <!-- @BeforeTest setUpDriver -->
  <testcase classname="test_cases.CheckHomePage" name="@AfterTest tearDown" time="0.0">
    <skipped/>
  </testcase> <!-- @AfterTest tearDown -->
  <testcase classname="test_cases.CheckHomePage" name="validateCheckbox" time="0.0">
    <skipped/>
  </testcase> <!-- validateCheckbox -->
  <testcase classname="test_cases.CheckHomePage" name="countCheckBoxes" time="0.0">
    <skipped/>
  </testcase> <!-- countCheckBoxes -->
</testsuite> <!-- Test -->
